<?xml version="1.0" encoding="UTF-8"?>
<!-- Generated by org.testng.reporters.JUnitReportReporter -->
<testsuite name="com.AutomationConceptsPractice.ParallelMethodTest" tests="1" time="0.053" ignored="2" failures="0" timestamp="05 Apr 2019 10:25:59 GMT" skipped="0" hostname="Sipl-70" errors="0">
  <testcase name="testMethodsOne" time="0.053" classname="com.AutomationConceptsPractice.ParallelMethodTest"/>
  <testcase name="executSessionThree" classname="com.AutomationConceptsPractice.ParallelExecution">
    <skipped/>
  </testcase> <!-- executSessionThree -->
  <testcase name="testMethodsTwo" classname="com.AutomationConceptsPractice.ParallelMethodTest">
    <skipped/>
  </testcase> <!-- testMethodsTwo -->
</testsuite> <!-- com.AutomationConceptsPractice.ParallelMethodTest -->
