<?xml version="1.0" encoding="UTF-8"?>
<!-- Generated by org.testng.reporters.JUnitReportReporter -->
<testsuite name="com.AutomationConceptsPractice.ExceptionHandeling" tests="1" time="0.015" ignored="1" failures="0" timestamp="03 Apr 2019 09:28:57 GMT" skipped="0" hostname="Sipl-70" errors="0">
  <testcase name="handelingExceptions" time="0.015" classname="com.AutomationConceptsPractice.ExceptionHandeling"/>
  <testcase name="AgeValidator" classname="com.AutomationConceptsPractice.ExceptionHandeling">
    <skipped/>
  </testcase> <!-- AgeValidator -->
</testsuite> <!-- com.AutomationConceptsPractice.ExceptionHandeling -->
