<?xml version="1.0" encoding="UTF-8"?>
<!-- Generated by org.testng.reporters.JUnitReportReporter -->
<testsuite name="com.AutomationConceptsPractice.ParallelExecution" tests="2" time="100.699" ignored="4" failures="0" timestamp="25 Apr 2019 06:24:41 GMT" skipped="0" hostname="Sipl-70" errors="0">
  <testcase name="executeSessionTwo" time="19.460" classname="com.AutomationConceptsPractice.ParallelExecution"/>
  <testcase name="executSessionOne" time="81.239" classname="com.AutomationConceptsPractice.ParallelExecution"/>
  <testcase name="promptAlert" classname="com.AutomationConceptsPractice.AlertsInSelenium">
    <skipped/>
  </testcase> <!-- promptAlert -->
  <testcase name="simpleAlert" classname="com.AutomationConceptsPractice.AlertsInSelenium">
    <skipped/>
  </testcase> <!-- simpleAlert -->
  <testcase name="confirmationAlert" classname="com.AutomationConceptsPractice.AlertsInSelenium">
    <skipped/>
  </testcase> <!-- confirmationAlert -->
  <testcase name="executSessionThree" classname="com.AutomationConceptsPractice.ParallelExecution">
    <skipped/>
  </testcase> <!-- executSessionThree -->
</testsuite> <!-- com.AutomationConceptsPractice.ParallelExecution -->
