<?xml version="1.0" encoding="UTF-8"?>
<!-- Generated by org.testng.reporters.JUnitReportReporter -->
<testsuite name="com.AutomationConceptsPractice.SeleniumConcepts" tests="1" time="27.467" ignored="3" failures="0" timestamp="09 Apr 2019 07:07:52 GMT" skipped="0" hostname="Sipl-70" errors="0">
  <testcase name="seleniumWaits" time="27.467" classname="com.AutomationConceptsPractice.SeleniumConcepts"/>
  <testcase name="aletInSelenium" classname="com.AutomationConceptsPractice.SeleniumConcepts">
    <skipped/>
  </testcase> <!-- aletInSelenium -->
  <testcase name="dropdownCommands" classname="com.AutomationConceptsPractice.SeleniumConcepts">
    <skipped/>
  </testcase> <!-- dropdownCommands -->
  <testcase name="iframeHandeling" classname="com.AutomationConceptsPractice.SeleniumConcepts">
    <skipped/>
  </testcase> <!-- iframeHandeling -->
</testsuite> <!-- com.AutomationConceptsPractice.SeleniumConcepts -->
