<?xml version="1.0" encoding="UTF-8"?>
<!-- Generated by org.testng.reporters.JUnitReportReporter -->
<testsuite name="com.AutomationConceptsPractice.Java" tests="1" time="0.010" ignored="0" failures="0" timestamp="03 Apr 2019 06:13:13 GMT" skipped="0" hostname="Sipl-70" errors="0">
  <testcase name="hashMap" time="0.010" classname="com.AutomationConceptsPractice.Java"/>
</testsuite> <!-- com.AutomationConceptsPractice.Java -->
