<?xml version="1.0" encoding="UTF-8"?>
<!-- Generated by org.testng.reporters.JUnitReportReporter -->
<testsuite name="Java.Exception" tests="1" time="0.014" ignored="0" failures="0" timestamp="03 Apr 2019 09:49:32 GMT" skipped="0" hostname="Sipl-70" errors="0">
  <testcase name="handelingExceptions" time="0.014" classname="Java.Exception"/>
</testsuite> <!-- Java.Exception -->
